c:\users\mynam\documents\visual studio 2015\projects\shooting demo\shooting demo\debug\vc140.pdb
c:\users\mynam\documents\visual studio 2015\projects\shooting demo\shooting demo\debug\vc140.idb
c:\users\mynam\documents\visual studio 2015\projects\shooting demo\shooting demo\debug\camera.obj
c:\users\mynam\documents\visual studio 2015\projects\shooting demo\shooting demo\debug\directional_light.obj
c:\users\mynam\documents\visual studio 2015\projects\shooting demo\shooting demo\debug\entity.obj
c:\users\mynam\documents\visual studio 2015\projects\shooting demo\shooting demo\debug\lamp.obj
c:\users\mynam\documents\visual studio 2015\projects\shooting demo\shooting demo\debug\light.obj
c:\users\mynam\documents\visual studio 2015\projects\shooting demo\shooting demo\debug\main.obj
c:\users\mynam\documents\visual studio 2015\projects\shooting demo\shooting demo\debug\mesh.obj
c:\users\mynam\documents\visual studio 2015\projects\shooting demo\shooting demo\debug\model.obj
c:\users\mynam\documents\visual studio 2015\projects\shooting demo\shooting demo\debug\moveable_entity.obj
c:\users\mynam\documents\visual studio 2015\projects\shooting demo\shooting demo\debug\obb.obj
c:\users\mynam\documents\visual studio 2015\projects\shooting demo\shooting demo\debug\point_light.obj
c:\users\mynam\documents\visual studio 2015\projects\shooting demo\shooting demo\debug\ray_cast.obj
c:\users\mynam\documents\visual studio 2015\projects\shooting demo\shooting demo\debug\shader.obj
c:\users\mynam\documents\visual studio 2015\projects\shooting demo\shooting demo\debug\skybox.obj
c:\users\mynam\documents\visual studio 2015\projects\shooting demo\shooting demo\debug\sound.obj
c:\users\mynam\documents\visual studio 2015\projects\shooting demo\shooting demo\debug\spotlight.obj
c:\users\mynam\documents\visual studio 2015\projects\shooting demo\shooting demo\debug\static_entity.obj
c:\users\mynam\documents\visual studio 2015\projects\shooting demo\shooting demo\debug\stb_image.obj
c:\users\mynam\documents\visual studio 2015\projects\shooting demo\shooting demo\debug\texture.obj
c:\users\mynam\documents\visual studio 2015\projects\shooting demo\shooting demo\debug\window_info.obj
c:\users\mynam\documents\visual studio 2015\projects\shooting demo\shooting demo\debug\box.obj
c:\users\mynam\documents\visual studio 2015\projects\shooting demo\shooting demo\debug\glad.obj
c:\users\mynam\documents\visual studio 2015\projects\shooting demo\debug\shooting demo.ilk
c:\users\mynam\documents\visual studio 2015\projects\shooting demo\debug\shooting demo.exe
c:\users\mynam\documents\visual studio 2015\projects\shooting demo\debug\shooting demo.pdb
c:\users\mynam\documents\visual studio 2015\projects\shooting demo\shooting demo\debug\shooting demo.tlog\cl.command.1.tlog
c:\users\mynam\documents\visual studio 2015\projects\shooting demo\shooting demo\debug\shooting demo.tlog\cl.read.1.tlog
c:\users\mynam\documents\visual studio 2015\projects\shooting demo\shooting demo\debug\shooting demo.tlog\cl.write.1.tlog
c:\users\mynam\documents\visual studio 2015\projects\shooting demo\shooting demo\debug\shooting demo.tlog\link.command.1.tlog
c:\users\mynam\documents\visual studio 2015\projects\shooting demo\shooting demo\debug\shooting demo.tlog\link.read.1.tlog
c:\users\mynam\documents\visual studio 2015\projects\shooting demo\shooting demo\debug\shooting demo.tlog\link.write.1.tlog
